<?xml version="1.0" encoding="UTF-8"?>
<!-- Generated by org.testng.reporters.JUnitReportReporter -->
<testsuite hostname="LTIN278760" failures="0" tests="1" name="TestCase.Tc_3HealthInsuranceRunner" time="6.356" errors="0" timestamp="2024-03-13T22:10:12 IST" skipped="0">
  <testcase classname="TestCase.Tc_3HealthInsuranceRunner" name="healthInsurance" time="6.356"/>
</testsuite> <!-- TestCase.Tc_3HealthInsuranceRunner -->
